<html>
<body>
<pre>
<h1>Vision Build Log</h1>
<h2>Project:</h2>
C:\Users\DYS7\Desktop\100步\1-2-5-FLASH存储程序\YT32B1_STM32F103_demo.uvproj
Project File Date:  12/29/2017

<h2>Output:</h2>
Build target 'Target 1'
compiling core_cm3.c...
compiling system_stm32f10x.c...
compiling misc.c...
compiling stm32f10x_gpio.c...
compiling stm32f10x_rcc.c...
compiling stm32f10x_usart.c...
compiling stm32f10x_bkp.c...
compiling stm32f10x_pwr.c...
compiling stm32f10x_rtc.c...
compiling stm32f10x_flash.c...
assembling startup_stm32f10x_md.s...
compiling main.c...
User\main.c(23): error:  #5: cannot open source input file "flash.h": No such file or directory
User\main.c:   #include "flash.h" 
User\main.c:                      ^
User\main.c: User\main.c: 0 warnings, 1 error
compiling stm32f10x_it.c...
compiling delay.c...
compiling sys.c...
compiling led.c...
compiling key.c...
Target not created
Build target 'Target 1'
compiling core_cm3.c...
compiling system_stm32f10x.c...
compiling misc.c...
compiling stm32f10x_gpio.c...
compiling stm32f10x_rcc.c...
compiling stm32f10x_usart.c...
compiling stm32f10x_bkp.c...
compiling stm32f10x_pwr.c...
compiling stm32f10x_rtc.c...
compiling stm32f10x_flash.c...
compiling main.c...
User\main.c(33): error:  #20: identifier "bya" is undefined
User\main.c:       bya = *(u16*)(FLASH_START_ADDR);//从指定页的addr地址开始读
User\main.c:       ^
User\main.c(33): error:  #20: identifier "FLASH_START_ADDR" is undefined
User\main.c:       bya = *(u16*)(FLASH_START_ADDR);//从指定页的addr地址开始读
User\main.c:                     ^
User\main.c(50): warning:  #223-D: function "FLASH_W" declared implicitly
User\main.c:                            FLASH_W(a); //写入FLASH
User\main.c:                            ^
User\main.c: User\main.c: 1 warning, 2 errors
compiling stm32f10x_it.c...
compiling delay.c...
compiling sys.c...
compiling flash.c...
compiling led.c...
compiling key.c...
Target not created
Build target 'Target 1'
compiling main.c...
User\main.c(33): error:  #20: identifier "bya" is undefined
User\main.c:       bya = *(u16*)(FLASH_START_ADDR);//从指定页的addr地址开始读
User\main.c:       ^
User\main.c(33): error:  #20: identifier "FLASH_START_ADDR" is undefined
User\main.c:       bya = *(u16*)(FLASH_START_ADDR);//从指定页的addr地址开始读
User\main.c:                     ^
User\main.c(50): warning:  #223-D: function "FLASH_W" declared implicitly
User\main.c:                            FLASH_W(a); //写入FLASH
User\main.c:                            ^
User\main.c: User\main.c: 1 warning, 2 errors
Target not created
Build target 'Target 1'
compiling main.c...
User\main.c(33): error:  #20: identifier "FLASH_START_ADDR" is undefined
User\main.c:       a = *(u16*)(FLASH_START_ADDR);//从指定页的addr地址开始读
User\main.c:                   ^
User\main.c(50): warning:  #223-D: function "FLASH_W" declared implicitly
User\main.c:                            FLASH_W(a); //写入FLASH
User\main.c:                            ^
User\main.c: User\main.c: 1 warning, 1 error
Target not created
Build target 'Target 1'
compiling main.c...
compiling flash.c...
linking...
Program Size: Code=4808 RO-data=268 RW-data=40 ZI-data=1632  
FromELF: creating hex file...
"YT32B1_STM32F103_demo.axf" - 0 Error(s), 0 Warning(s).
Build target 'Target 1'
compiling main.c...
compiling flash.c...
linking...
Program Size: Code=4808 RO-data=268 RW-data=40 ZI-data=1632  
FromELF: creating hex file...
"YT32B1_STM32F103_demo.axf" - 0 Error(s), 0 Warning(s).
Build target 'Target 1'
compiling main.c...
User\main.c(35): warning:  #223-D: function "FLASH_R" declared implicitly
User\main.c:       a = FLASH_R(FLASH_START_ADDR);//从指定页的addr地址开始读
User\main.c:           ^
User\main.c(53): warning:  #69-D: integer conversion resulted in truncation
User\main.c:                            FLASH_W(FLASH_START_ADDR,a); //写入FLASH
User\main.c:                                    ^
User\main.c(53): error:  #140: too many arguments in function call
User\main.c:                            FLASH_W(FLASH_START_ADDR,a); //写入FLASH
User\main.c:                                                     ^
User\main.c: User\main.c: 2 warnings, 1 error
compiling flash.c...
Basic\flash\flash.c(22): error:  #147-D: declaration is incompatible with "void FLASH_W(u16)" (declared at line 6 of "Basic\flash\flash.h")
Basic\flash\flash.c:   void FLASH_W(u32 add,u16 dat){ //参数1：32位FLASH地址。参数2：16位数据
Basic\flash\flash.c:        ^
Basic\flash\flash.c: Basic\flash\flash.c: 0 warnings, 1 error
Target not created
Build target 'Target 1'
compiling main.c...
User\main.c(53): warning:  #69-D: integer conversion resulted in truncation
User\main.c:                            FLASH_W(FLASH_START_ADDR,a); //写入FLASH
User\main.c:                                    ^
User\main.c(53): error:  #140: too many arguments in function call
User\main.c:                            FLASH_W(FLASH_START_ADDR,a); //写入FLASH
User\main.c:                                                     ^
User\main.c: User\main.c: 1 warning, 1 error
compiling flash.c...
Basic\flash\flash.c(22): error:  #147-D: declaration is incompatible with "void FLASH_W(u16)" (declared at line 6 of "Basic\flash\flash.h")
Basic\flash\flash.c:   void FLASH_W(u32 add,u16 dat){ //参数1：32位FLASH地址。参数2：16位数据
Basic\flash\flash.c:        ^
Basic\flash\flash.c: Basic\flash\flash.c: 0 warnings, 1 error
Target not created
Build target 'Target 1'
compiling main.c...
User\main.c(53): warning:  #69-D: integer conversion resulted in truncation
User\main.c:                            FLASH_W(FLASH_START_ADDR,a); //写入FLASH
User\main.c:                                    ^
User\main.c(53): error:  #140: too many arguments in function call
User\main.c:                            FLASH_W(FLASH_START_ADDR,a); //写入FLASH
User\main.c:                                                     ^
User\main.c: User\main.c: 1 warning, 1 error
compiling flash.c...
Basic\flash\flash.c(22): error:  #147-D: declaration is incompatible with "void FLASH_W(u16)" (declared at line 6 of "Basic\flash\flash.h")
Basic\flash\flash.c:   void FLASH_W(vu32 add,u16 dat){ //参数1：32位FLASH地址。参数2：16位数据
Basic\flash\flash.c:        ^
Basic\flash\flash.c: Basic\flash\flash.c: 0 warnings, 1 error
Target not created
Build target 'Target 1'
compiling main.c...
compiling flash.c...
linking...
Program Size: Code=4820 RO-data=268 RW-data=40 ZI-data=1632  
FromELF: creating hex file...
"YT32B1_STM32F103_demo.axf" - 0 Error(s), 0 Warning(s).
Build target 'Target 1'
compiling main.c...
compiling sys.c...
compiling flash.c...
linking...
Program Size: Code=4812 RO-data=268 RW-data=40 ZI-data=1632  
FromELF: creating hex file...
"YT32B1_STM32F103_demo.axf" - 0 Error(s), 0 Warning(s).
